[0.019s] Invoking command in '/home/hoang/ros2_ws/src/build/my_cpp_pkg': CMAKE_PREFIX_PATH=/opt/ros/humble /usr/bin/cmake --build /home/hoang/ros2_ws/src/build/my_cpp_pkg -- -j2 -l2
[0.068s] Invoked command in '/home/hoang/ros2_ws/src/build/my_cpp_pkg' returned '0': CMAKE_PREFIX_PATH=/opt/ros/humble /usr/bin/cmake --build /home/hoang/ros2_ws/src/build/my_cpp_pkg -- -j2 -l2
[0.111s] Invoking command in '/home/hoang/ros2_ws/src/build/my_cpp_pkg': CMAKE_PREFIX_PATH=/opt/ros/humble /usr/bin/cmake --install /home/hoang/ros2_ws/src/build/my_cpp_pkg
[0.123s] -- Install configuration: ""
[0.124s] -- Up-to-date: /home/hoang/ros2_ws/src/install/my_cpp_pkg/share/ament_index/resource_index/package_run_dependencies/my_cpp_pkg
[0.128s] -- Up-to-date: /home/hoang/ros2_ws/src/install/my_cpp_pkg/share/ament_index/resource_index/parent_prefix_path/my_cpp_pkg
[0.136s] -- Up-to-date: /home/hoang/ros2_ws/src/install/my_cpp_pkg/share/my_cpp_pkg/environment/ament_prefix_path.sh
[0.139s] -- Up-to-date: /home/hoang/ros2_ws/src/install/my_cpp_pkg/share/my_cpp_pkg/environment/ament_prefix_path.dsv
[0.140s] -- Up-to-date: /home/hoang/ros2_ws/src/install/my_cpp_pkg/share/my_cpp_pkg/environment/path.sh
[0.144s] -- Up-to-date: /home/hoang/ros2_ws/src/install/my_cpp_pkg/share/my_cpp_pkg/environment/path.dsv
[0.152s] -- Up-to-date: /home/hoang/ros2_ws/src/install/my_cpp_pkg/share/my_cpp_pkg/local_setup.bash
[0.156s] -- Up-to-date: /home/hoang/ros2_ws/src/install/my_cpp_pkg/share/my_cpp_pkg/local_setup.sh
[0.158s] -- Up-to-date: /home/hoang/ros2_ws/src/install/my_cpp_pkg/share/my_cpp_pkg/local_setup.zsh
[0.159s] -- Up-to-date: /home/hoang/ros2_ws/src/install/my_cpp_pkg/share/my_cpp_pkg/local_setup.dsv
[0.160s] -- Up-to-date: /home/hoang/ros2_ws/src/install/my_cpp_pkg/share/my_cpp_pkg/package.dsv
[0.160s] -- Up-to-date: /home/hoang/ros2_ws/src/install/my_cpp_pkg/share/ament_index/resource_index/packages/my_cpp_pkg
[0.160s] -- Up-to-date: /home/hoang/ros2_ws/src/install/my_cpp_pkg/share/my_cpp_pkg/cmake/my_cpp_pkgConfig.cmake
[0.160s] -- Up-to-date: /home/hoang/ros2_ws/src/install/my_cpp_pkg/share/my_cpp_pkg/cmake/my_cpp_pkgConfig-version.cmake
[0.160s] -- Up-to-date: /home/hoang/ros2_ws/src/install/my_cpp_pkg/share/my_cpp_pkg/package.xml
[0.160s] Invoked command in '/home/hoang/ros2_ws/src/build/my_cpp_pkg' returned '0': CMAKE_PREFIX_PATH=/opt/ros/humble /usr/bin/cmake --install /home/hoang/ros2_ws/src/build/my_cpp_pkg
