[0.043s] Invoking command in '/home/hoang/ros2_ws/build/my_cpp_pkg': CMAKE_PREFIX_PATH=/home/hoang/ros2_ws/install/my_py_pkg:/opt/ros/humble /usr/bin/cmake --build /home/hoang/ros2_ws/build/my_cpp_pkg -- -j2 -l2
[0.079s] -- Found ament_cmake: 1.3.3 (/opt/ros/humble/share/ament_cmake/cmake)
[0.343s] -- Found rclcpp: 16.0.3 (/opt/ros/humble/share/rclcpp/cmake)
[0.430s] -- Found rosidl_generator_c: 3.1.4 (/opt/ros/humble/share/rosidl_generator_c/cmake)
[0.438s] -- Found rosidl_adapter: 3.1.4 (/opt/ros/humble/share/rosidl_adapter/cmake)
[0.460s] -- Found rosidl_generator_cpp: 3.1.4 (/opt/ros/humble/share/rosidl_generator_cpp/cmake)
[0.494s] -- Using all available rosidl_typesupport_c: rosidl_typesupport_fastrtps_c;rosidl_typesupport_introspection_c
[0.534s] -- Using all available rosidl_typesupport_cpp: rosidl_typesupport_fastrtps_cpp;rosidl_typesupport_introspection_cpp
[0.674s] -- Found rmw_implementation_cmake: 6.1.1 (/opt/ros/humble/share/rmw_implementation_cmake/cmake)
[0.678s] -- Found rmw_fastrtps_cpp: 6.2.2 (/opt/ros/humble/share/rmw_fastrtps_cpp/cmake)
[0.881s] -- Using RMW implementation 'rmw_fastrtps_cpp' as default
[1.312s] -- Configuring done
[1.326s] -- Generating done
[1.329s] -- Build files have been written to: /home/hoang/ros2_ws/build/my_cpp_pkg
[1.354s] [35m[1mConsolidate compiler generated dependencies of target cpp_node[0m
[1.375s] [100%] Built target cpp_node
[1.390s] Invoked command in '/home/hoang/ros2_ws/build/my_cpp_pkg' returned '0': CMAKE_PREFIX_PATH=/home/hoang/ros2_ws/install/my_py_pkg:/opt/ros/humble /usr/bin/cmake --build /home/hoang/ros2_ws/build/my_cpp_pkg -- -j2 -l2
[1.423s] Invoking command in '/home/hoang/ros2_ws/build/my_cpp_pkg': CMAKE_PREFIX_PATH=/home/hoang/ros2_ws/install/my_py_pkg:/opt/ros/humble /usr/bin/cmake --install /home/hoang/ros2_ws/build/my_cpp_pkg
[1.431s] -- Install configuration: ""
[1.432s] -- Installing: /home/hoang/ros2_ws/install/my_cpp_pkg/lib/my_cpp_pkg/cpp_node
[1.434s] -- Set runtime path of "/home/hoang/ros2_ws/install/my_cpp_pkg/lib/my_cpp_pkg/cpp_node" to ""
[1.434s] -- Up-to-date: /home/hoang/ros2_ws/install/my_cpp_pkg/share/ament_index/resource_index/package_run_dependencies/my_cpp_pkg
[1.434s] -- Up-to-date: /home/hoang/ros2_ws/install/my_cpp_pkg/share/ament_index/resource_index/parent_prefix_path/my_cpp_pkg
[1.434s] -- Up-to-date: /home/hoang/ros2_ws/install/my_cpp_pkg/share/my_cpp_pkg/environment/ament_prefix_path.sh
[1.434s] -- Installing: /home/hoang/ros2_ws/install/my_cpp_pkg/share/my_cpp_pkg/environment/ament_prefix_path.dsv
[1.434s] -- Up-to-date: /home/hoang/ros2_ws/install/my_cpp_pkg/share/my_cpp_pkg/environment/path.sh
[1.434s] -- Installing: /home/hoang/ros2_ws/install/my_cpp_pkg/share/my_cpp_pkg/environment/path.dsv
[1.434s] -- Up-to-date: /home/hoang/ros2_ws/install/my_cpp_pkg/share/my_cpp_pkg/local_setup.bash
[1.435s] -- Up-to-date: /home/hoang/ros2_ws/install/my_cpp_pkg/share/my_cpp_pkg/local_setup.sh
[1.435s] -- Up-to-date: /home/hoang/ros2_ws/install/my_cpp_pkg/share/my_cpp_pkg/local_setup.zsh
[1.435s] -- Installing: /home/hoang/ros2_ws/install/my_cpp_pkg/share/my_cpp_pkg/local_setup.dsv
[1.435s] -- Installing: /home/hoang/ros2_ws/install/my_cpp_pkg/share/my_cpp_pkg/package.dsv
[1.435s] -- Up-to-date: /home/hoang/ros2_ws/install/my_cpp_pkg/share/ament_index/resource_index/packages/my_cpp_pkg
[1.435s] -- Up-to-date: /home/hoang/ros2_ws/install/my_cpp_pkg/share/my_cpp_pkg/cmake/my_cpp_pkgConfig.cmake
[1.435s] -- Up-to-date: /home/hoang/ros2_ws/install/my_cpp_pkg/share/my_cpp_pkg/cmake/my_cpp_pkgConfig-version.cmake
[1.435s] -- Up-to-date: /home/hoang/ros2_ws/install/my_cpp_pkg/share/my_cpp_pkg/package.xml
[1.449s] Invoked command in '/home/hoang/ros2_ws/build/my_cpp_pkg' returned '0': CMAKE_PREFIX_PATH=/home/hoang/ros2_ws/install/my_py_pkg:/opt/ros/humble /usr/bin/cmake --install /home/hoang/ros2_ws/build/my_cpp_pkg
