[0.908s] Invoking command in '/home/hoang/ros2_ws/src/my_py_pkg': PYTHONPATH=/home/hoang/ros2_ws/build/my_py_pkg/prefix_override:/home/hoang/ros2_ws/install/my_py_pkg/lib/python3.10/site-packages:${PYTHONPATH} /usr/bin/python3 setup.py egg_info --egg-base ../../build/my_py_pkg build --build-base /home/hoang/ros2_ws/build/my_py_pkg/build install --record /home/hoang/ros2_ws/build/my_py_pkg/install.log --single-version-externally-managed
[1.272s] running egg_info
[1.272s] writing ../../build/my_py_pkg/my_py_pkg.egg-info/PKG-INFO
[1.273s] writing dependency_links to ../../build/my_py_pkg/my_py_pkg.egg-info/dependency_links.txt
[1.273s] writing entry points to ../../build/my_py_pkg/my_py_pkg.egg-info/entry_points.txt
[1.273s] writing requirements to ../../build/my_py_pkg/my_py_pkg.egg-info/requires.txt
[1.273s] writing top-level names to ../../build/my_py_pkg/my_py_pkg.egg-info/top_level.txt
[1.276s] reading manifest file '../../build/my_py_pkg/my_py_pkg.egg-info/SOURCES.txt'
[1.277s] writing manifest file '../../build/my_py_pkg/my_py_pkg.egg-info/SOURCES.txt'
[1.277s] running build
[1.277s] running build_py
[1.278s] running install
[1.278s] running install_lib
[1.280s] running install_data
[1.281s] running install_egg_info
[1.282s] removing '/home/hoang/ros2_ws/install/my_py_pkg/lib/python3.10/site-packages/my_py_pkg-0.0.0-py3.10.egg-info' (and everything under it)
[1.283s] Copying ../../build/my_py_pkg/my_py_pkg.egg-info to /home/hoang/ros2_ws/install/my_py_pkg/lib/python3.10/site-packages/my_py_pkg-0.0.0-py3.10.egg-info
[1.284s] running install_scripts
[1.310s] writing list of installed files to '/home/hoang/ros2_ws/build/my_py_pkg/install.log'
[1.337s] Invoked command in '/home/hoang/ros2_ws/src/my_py_pkg' returned '0': PYTHONPATH=/home/hoang/ros2_ws/build/my_py_pkg/prefix_override:/home/hoang/ros2_ws/install/my_py_pkg/lib/python3.10/site-packages:${PYTHONPATH} /usr/bin/python3 setup.py egg_info --egg-base ../../build/my_py_pkg build --build-base /home/hoang/ros2_ws/build/my_py_pkg/build install --record /home/hoang/ros2_ws/build/my_py_pkg/install.log --single-version-externally-managed
