[0.977s] Invoking command in '/home/hoang/ros2_ws/build/my_py_pkg': PYTHONPATH=/home/hoang/ros2_ws/build/my_py_pkg/prefix_override:/home/hoang/ros2_ws/install/my_py_pkg/lib/python3.10/site-packages:${PYTHONPATH} /usr/bin/python3 setup.py develop --editable --build-directory /home/hoang/ros2_ws/build/my_py_pkg/build --no-deps install_data
[1.400s] running develop
[1.646s] running egg_info
[1.647s] writing my_py_pkg.egg-info/PKG-INFO
[1.649s] writing dependency_links to my_py_pkg.egg-info/dependency_links.txt
[1.650s] writing entry points to my_py_pkg.egg-info/entry_points.txt
[1.651s] writing requirements to my_py_pkg.egg-info/requires.txt
[1.653s] writing top-level names to my_py_pkg.egg-info/top_level.txt
[1.656s] reading manifest file 'my_py_pkg.egg-info/SOURCES.txt'
[1.658s] writing manifest file 'my_py_pkg.egg-info/SOURCES.txt'
[1.660s] running build_ext
[1.661s] Creating /home/hoang/ros2_ws/install/my_py_pkg/lib/python3.10/site-packages/my-py-pkg.egg-link (link to .)
[1.664s] Installing numberCounter script to /home/hoang/ros2_ws/install/my_py_pkg/lib/my_py_pkg
[1.665s] Installing numberPublisher script to /home/hoang/ros2_ws/install/my_py_pkg/lib/my_py_pkg
[1.666s] Installing py_node script to /home/hoang/ros2_ws/install/my_py_pkg/lib/my_py_pkg
[1.667s] Installing robot_news_station script to /home/hoang/ros2_ws/install/my_py_pkg/lib/my_py_pkg
[1.667s] Installing smartphone script to /home/hoang/ros2_ws/install/my_py_pkg/lib/my_py_pkg
[1.667s] 
[1.667s] Installed /home/hoang/ros2_ws/build/my_py_pkg
[1.667s] running install_data
[1.700s] Invoked command in '/home/hoang/ros2_ws/build/my_py_pkg' returned '0': PYTHONPATH=/home/hoang/ros2_ws/build/my_py_pkg/prefix_override:/home/hoang/ros2_ws/install/my_py_pkg/lib/python3.10/site-packages:${PYTHONPATH} /usr/bin/python3 setup.py develop --editable --build-directory /home/hoang/ros2_ws/build/my_py_pkg/build --no-deps install_data
