[0.036s] Invoking command in '/home/hoang/ros2_ws/src/build/my_cpp_pkg': CMAKE_PREFIX_PATH=/opt/ros/humble /usr/bin/cmake /home/hoang/ros2_ws/src/my_cpp_pkg -DCMAKE_INSTALL_PREFIX=/home/hoang/ros2_ws/src/install/my_cpp_pkg
[0.324s] -- The C compiler identification is GNU 11.3.0
[0.579s] -- The CXX compiler identification is GNU 11.3.0
[0.601s] -- Detecting C compiler ABI info
[0.747s] -- Detecting C compiler ABI info - done
[0.766s] -- Check for working C compiler: /usr/bin/cc - skipped
[0.767s] -- Detecting C compile features
[0.769s] -- Detecting C compile features - done
[0.778s] -- Detecting CXX compiler ABI info
[0.917s] -- Detecting CXX compiler ABI info - done
[0.938s] -- Check for working CXX compiler: /usr/bin/c++ - skipped
[0.938s] -- Detecting CXX compile features
[0.939s] -- Detecting CXX compile features - done
[0.959s] -- Found ament_cmake: 1.3.3 (/opt/ros/humble/share/ament_cmake/cmake)
[1.219s] -- Found Python3: /usr/bin/python3.10 (found version "3.10.6") found components: Interpreter 
[1.409s] -- Found rclcpp: 16.0.3 (/opt/ros/humble/share/rclcpp/cmake)
[1.499s] -- Found rosidl_generator_c: 3.1.4 (/opt/ros/humble/share/rosidl_generator_c/cmake)
[1.510s] -- Found rosidl_adapter: 3.1.4 (/opt/ros/humble/share/rosidl_adapter/cmake)
[1.531s] -- Found rosidl_generator_cpp: 3.1.4 (/opt/ros/humble/share/rosidl_generator_cpp/cmake)
[1.572s] -- Using all available rosidl_typesupport_c: rosidl_typesupport_fastrtps_c;rosidl_typesupport_introspection_c
[1.623s] -- Using all available rosidl_typesupport_cpp: rosidl_typesupport_fastrtps_cpp;rosidl_typesupport_introspection_cpp
[1.827s] -- Found rmw_implementation_cmake: 6.1.1 (/opt/ros/humble/share/rmw_implementation_cmake/cmake)
[1.838s] -- Found rmw_fastrtps_cpp: 6.2.2 (/opt/ros/humble/share/rmw_fastrtps_cpp/cmake)
[2.014s] -- Found OpenSSL: /usr/lib/x86_64-linux-gnu/libcrypto.so (found version "3.0.2")  
[2.055s] -- Found FastRTPS: /opt/ros/humble/include  
[2.133s] -- Using RMW implementation 'rmw_fastrtps_cpp' as default
[2.160s] -- Looking for pthread.h
[2.284s] -- Looking for pthread.h - found
[2.285s] -- Performing Test CMAKE_HAVE_LIBC_PTHREAD
[2.393s] -- Performing Test CMAKE_HAVE_LIBC_PTHREAD - Success
[2.393s] -- Found Threads: TRUE  
[2.759s] -- Found ament_lint_auto: 0.12.5 (/opt/ros/humble/share/ament_lint_auto/cmake)
[2.901s] -- Added test 'lint_cmake' to check CMake code style
[2.903s] -- Added test 'xmllint' to check XML markup files
[2.908s] -- Configuring done
[2.924s] -- Generating done
[2.927s] -- Build files have been written to: /home/hoang/ros2_ws/src/build/my_cpp_pkg
[2.946s] Invoked command in '/home/hoang/ros2_ws/src/build/my_cpp_pkg' returned '0': CMAKE_PREFIX_PATH=/opt/ros/humble /usr/bin/cmake /home/hoang/ros2_ws/src/my_cpp_pkg -DCMAKE_INSTALL_PREFIX=/home/hoang/ros2_ws/src/install/my_cpp_pkg
[2.947s] Invoking command in '/home/hoang/ros2_ws/src/build/my_cpp_pkg': CMAKE_PREFIX_PATH=/opt/ros/humble /usr/bin/cmake --build /home/hoang/ros2_ws/src/build/my_cpp_pkg -- -j2 -l2
[2.991s] Invoked command in '/home/hoang/ros2_ws/src/build/my_cpp_pkg' returned '0': CMAKE_PREFIX_PATH=/opt/ros/humble /usr/bin/cmake --build /home/hoang/ros2_ws/src/build/my_cpp_pkg -- -j2 -l2
[3.023s] Invoking command in '/home/hoang/ros2_ws/src/build/my_cpp_pkg': CMAKE_PREFIX_PATH=/opt/ros/humble /usr/bin/cmake --install /home/hoang/ros2_ws/src/build/my_cpp_pkg
[3.033s] -- Install configuration: ""
[3.033s] -- Installing: /home/hoang/ros2_ws/src/install/my_cpp_pkg/share/ament_index/resource_index/package_run_dependencies/my_cpp_pkg
[3.033s] -- Installing: /home/hoang/ros2_ws/src/install/my_cpp_pkg/share/ament_index/resource_index/parent_prefix_path/my_cpp_pkg
[3.034s] -- Installing: /home/hoang/ros2_ws/src/install/my_cpp_pkg/share/my_cpp_pkg/environment/ament_prefix_path.sh
[3.034s] -- Installing: /home/hoang/ros2_ws/src/install/my_cpp_pkg/share/my_cpp_pkg/environment/ament_prefix_path.dsv
[3.035s] -- Installing: /home/hoang/ros2_ws/src/install/my_cpp_pkg/share/my_cpp_pkg/environment/path.sh
[3.035s] -- Installing: /home/hoang/ros2_ws/src/install/my_cpp_pkg/share/my_cpp_pkg/environment/path.dsv
[3.035s] -- Installing: /home/hoang/ros2_ws/src/install/my_cpp_pkg/share/my_cpp_pkg/local_setup.bash
[3.035s] -- Installing: /home/hoang/ros2_ws/src/install/my_cpp_pkg/share/my_cpp_pkg/local_setup.sh
[3.036s] -- Installing: /home/hoang/ros2_ws/src/install/my_cpp_pkg/share/my_cpp_pkg/local_setup.zsh
[3.036s] -- Installing: /home/hoang/ros2_ws/src/install/my_cpp_pkg/share/my_cpp_pkg/local_setup.dsv
[3.036s] -- Installing: /home/hoang/ros2_ws/src/install/my_cpp_pkg/share/my_cpp_pkg/package.dsv
[3.037s] -- Installing: /home/hoang/ros2_ws/src/install/my_cpp_pkg/share/ament_index/resource_index/packages/my_cpp_pkg
[3.037s] -- Installing: /home/hoang/ros2_ws/src/install/my_cpp_pkg/share/my_cpp_pkg/cmake/my_cpp_pkgConfig.cmake
[3.037s] -- Installing: /home/hoang/ros2_ws/src/install/my_cpp_pkg/share/my_cpp_pkg/cmake/my_cpp_pkgConfig-version.cmake
[3.038s] -- Installing: /home/hoang/ros2_ws/src/install/my_cpp_pkg/share/my_cpp_pkg/package.xml
[3.047s] Invoked command in '/home/hoang/ros2_ws/src/build/my_cpp_pkg' returned '0': CMAKE_PREFIX_PATH=/opt/ros/humble /usr/bin/cmake --install /home/hoang/ros2_ws/src/build/my_cpp_pkg
