[0.027s] Invoking command in '/home/hoang/ros2_ws/build/my_cpp_pkg': CMAKE_PREFIX_PATH=/home/hoang/ros2_ws/install/my_py_pkg:/opt/ros/humble /usr/bin/cmake /home/hoang/ros2_ws/src/my_cpp_pkg -DCMAKE_INSTALL_PREFIX=/home/hoang/ros2_ws/install/my_cpp_pkg
[0.300s] -- The C compiler identification is GNU 11.3.0
[0.502s] -- The CXX compiler identification is GNU 11.3.0
[0.526s] -- Detecting C compiler ABI info
[0.646s] -- Detecting C compiler ABI info - done
[0.662s] -- Check for working C compiler: /usr/bin/cc - skipped
[0.667s] -- Detecting C compile features
[0.668s] -- Detecting C compile features - done
[0.674s] -- Detecting CXX compiler ABI info
[0.793s] -- Detecting CXX compiler ABI info - done
[0.803s] -- Check for working CXX compiler: /usr/bin/c++ - skipped
[0.803s] -- Detecting CXX compile features
[0.804s] -- Detecting CXX compile features - done
[0.821s] -- Found ament_cmake: 1.3.3 (/opt/ros/humble/share/ament_cmake/cmake)
[1.123s] -- Found Python3: /usr/bin/python3.10 (found version "3.10.6") found components: Interpreter 
[1.284s] -- Found rclcpp: 16.0.3 (/opt/ros/humble/share/rclcpp/cmake)
[1.401s] -- Found rosidl_generator_c: 3.1.4 (/opt/ros/humble/share/rosidl_generator_c/cmake)
[1.418s] -- Found rosidl_adapter: 3.1.4 (/opt/ros/humble/share/rosidl_adapter/cmake)
[1.440s] -- Found rosidl_generator_cpp: 3.1.4 (/opt/ros/humble/share/rosidl_generator_cpp/cmake)
[1.489s] -- Using all available rosidl_typesupport_c: rosidl_typesupport_fastrtps_c;rosidl_typesupport_introspection_c
[1.534s] -- Using all available rosidl_typesupport_cpp: rosidl_typesupport_fastrtps_cpp;rosidl_typesupport_introspection_cpp
[1.702s] -- Found rmw_implementation_cmake: 6.1.1 (/opt/ros/humble/share/rmw_implementation_cmake/cmake)
[1.709s] -- Found rmw_fastrtps_cpp: 6.2.2 (/opt/ros/humble/share/rmw_fastrtps_cpp/cmake)
[1.907s] -- Found OpenSSL: /usr/lib/x86_64-linux-gnu/libcrypto.so (found version "3.0.2")  
[1.947s] -- Found FastRTPS: /opt/ros/humble/include  
[2.019s] -- Using RMW implementation 'rmw_fastrtps_cpp' as default
[2.039s] -- Looking for pthread.h
[2.166s] -- Looking for pthread.h - found
[2.166s] -- Performing Test CMAKE_HAVE_LIBC_PTHREAD
[2.264s] -- Performing Test CMAKE_HAVE_LIBC_PTHREAD - Success
[2.265s] -- Found Threads: TRUE  
[2.781s] -- Configuring done
[2.801s] -- Generating done
[2.804s] -- Build files have been written to: /home/hoang/ros2_ws/build/my_cpp_pkg
[2.816s] Invoked command in '/home/hoang/ros2_ws/build/my_cpp_pkg' returned '0': CMAKE_PREFIX_PATH=/home/hoang/ros2_ws/install/my_py_pkg:/opt/ros/humble /usr/bin/cmake /home/hoang/ros2_ws/src/my_cpp_pkg -DCMAKE_INSTALL_PREFIX=/home/hoang/ros2_ws/install/my_cpp_pkg
[2.817s] Invoking command in '/home/hoang/ros2_ws/build/my_cpp_pkg': CMAKE_PREFIX_PATH=/home/hoang/ros2_ws/install/my_py_pkg:/opt/ros/humble /usr/bin/cmake --build /home/hoang/ros2_ws/build/my_cpp_pkg -- -j2 -l2
[2.871s] [ 50%] [32mBuilding CXX object CMakeFiles/cpp_node.dir/src/my_first_node.cpp.o[0m
[7.221s] [100%] [32m[1mLinking CXX executable cpp_node[0m
[7.460s] [100%] Built target cpp_node
[7.488s] Invoked command in '/home/hoang/ros2_ws/build/my_cpp_pkg' returned '0': CMAKE_PREFIX_PATH=/home/hoang/ros2_ws/install/my_py_pkg:/opt/ros/humble /usr/bin/cmake --build /home/hoang/ros2_ws/build/my_cpp_pkg -- -j2 -l2
[7.526s] Invoking command in '/home/hoang/ros2_ws/build/my_cpp_pkg': CMAKE_PREFIX_PATH=/home/hoang/ros2_ws/install/my_py_pkg:/opt/ros/humble /usr/bin/cmake --install /home/hoang/ros2_ws/build/my_cpp_pkg
[7.533s] -- Install configuration: ""
[7.534s] -- Installing: /home/hoang/ros2_ws/install/my_cpp_pkg/lib/s{PROJECT_NAME}/cpp_node
[7.534s] -- Set runtime path of "/home/hoang/ros2_ws/install/my_cpp_pkg/lib/s{PROJECT_NAME}/cpp_node" to ""
[7.534s] -- Installing: /home/hoang/ros2_ws/install/my_cpp_pkg/share/ament_index/resource_index/package_run_dependencies/my_cpp_pkg
[7.536s] -- Installing: /home/hoang/ros2_ws/install/my_cpp_pkg/share/ament_index/resource_index/parent_prefix_path/my_cpp_pkg
[7.536s] -- Installing: /home/hoang/ros2_ws/install/my_cpp_pkg/share/my_cpp_pkg/environment/ament_prefix_path.sh
[7.536s] -- Installing: /home/hoang/ros2_ws/install/my_cpp_pkg/share/my_cpp_pkg/environment/ament_prefix_path.dsv
[7.536s] -- Installing: /home/hoang/ros2_ws/install/my_cpp_pkg/share/my_cpp_pkg/environment/path.sh
[7.536s] -- Installing: /home/hoang/ros2_ws/install/my_cpp_pkg/share/my_cpp_pkg/environment/path.dsv
[7.536s] -- Installing: /home/hoang/ros2_ws/install/my_cpp_pkg/share/my_cpp_pkg/local_setup.bash
[7.537s] -- Installing: /home/hoang/ros2_ws/install/my_cpp_pkg/share/my_cpp_pkg/local_setup.sh
[7.537s] -- Installing: /home/hoang/ros2_ws/install/my_cpp_pkg/share/my_cpp_pkg/local_setup.zsh
[7.537s] -- Installing: /home/hoang/ros2_ws/install/my_cpp_pkg/share/my_cpp_pkg/local_setup.dsv
[7.539s] -- Installing: /home/hoang/ros2_ws/install/my_cpp_pkg/share/my_cpp_pkg/package.dsv
[7.540s] -- Installing: /home/hoang/ros2_ws/install/my_cpp_pkg/share/ament_index/resource_index/packages/my_cpp_pkg
[7.540s] -- Installing: /home/hoang/ros2_ws/install/my_cpp_pkg/share/my_cpp_pkg/cmake/my_cpp_pkgConfig.cmake
[7.540s] -- Installing: /home/hoang/ros2_ws/install/my_cpp_pkg/share/my_cpp_pkg/cmake/my_cpp_pkgConfig-version.cmake
[7.540s] -- Installing: /home/hoang/ros2_ws/install/my_cpp_pkg/share/my_cpp_pkg/package.xml
[7.542s] Invoked command in '/home/hoang/ros2_ws/build/my_cpp_pkg' returned '0': CMAKE_PREFIX_PATH=/home/hoang/ros2_ws/install/my_py_pkg:/opt/ros/humble /usr/bin/cmake --install /home/hoang/ros2_ws/build/my_cpp_pkg
