[1.150s] Invoking command in '/home/hoang/ros2_ws/src/my_py_pkg': PYTHONPATH=/home/hoang/ros2_ws/src/build/my_py_pkg/prefix_override:/home/hoang/ros2_ws/src/install/my_py_pkg/lib/python3.10/site-packages:${PYTHONPATH} /usr/bin/python3 setup.py egg_info --egg-base ../build/my_py_pkg build --build-base /home/hoang/ros2_ws/src/build/my_py_pkg/build install --record /home/hoang/ros2_ws/src/build/my_py_pkg/install.log --single-version-externally-managed
[1.615s] running egg_info
[1.616s] creating ../build/my_py_pkg/my_py_pkg.egg-info
[1.617s] writing ../build/my_py_pkg/my_py_pkg.egg-info/PKG-INFO
[1.618s] writing dependency_links to ../build/my_py_pkg/my_py_pkg.egg-info/dependency_links.txt
[1.618s] writing entry points to ../build/my_py_pkg/my_py_pkg.egg-info/entry_points.txt
[1.619s] writing requirements to ../build/my_py_pkg/my_py_pkg.egg-info/requires.txt
[1.620s] writing top-level names to ../build/my_py_pkg/my_py_pkg.egg-info/top_level.txt
[1.621s] writing manifest file '../build/my_py_pkg/my_py_pkg.egg-info/SOURCES.txt'
[1.623s] reading manifest file '../build/my_py_pkg/my_py_pkg.egg-info/SOURCES.txt'
[1.626s] writing manifest file '../build/my_py_pkg/my_py_pkg.egg-info/SOURCES.txt'
[1.627s] running build
[1.627s] running build_py
[1.630s] creating /home/hoang/ros2_ws/src/build/my_py_pkg/build
[1.631s] creating /home/hoang/ros2_ws/src/build/my_py_pkg/build/lib
[1.631s] creating /home/hoang/ros2_ws/src/build/my_py_pkg/build/lib/my_py_pkg
[1.632s] copying my_py_pkg/__init__.py -> /home/hoang/ros2_ws/src/build/my_py_pkg/build/lib/my_py_pkg
[1.632s] running install
[1.633s] running install_lib
[1.634s] creating /home/hoang/ros2_ws/src/install/my_py_pkg/lib/python3.10/site-packages/my_py_pkg
[1.635s] copying /home/hoang/ros2_ws/src/build/my_py_pkg/build/lib/my_py_pkg/__init__.py -> /home/hoang/ros2_ws/src/install/my_py_pkg/lib/python3.10/site-packages/my_py_pkg
[1.635s] byte-compiling /home/hoang/ros2_ws/src/install/my_py_pkg/lib/python3.10/site-packages/my_py_pkg/__init__.py to __init__.cpython-310.pyc
[1.636s] running install_data
[1.637s] creating /home/hoang/ros2_ws/src/install/my_py_pkg/share/ament_index
[1.637s] creating /home/hoang/ros2_ws/src/install/my_py_pkg/share/ament_index/resource_index
[1.637s] creating /home/hoang/ros2_ws/src/install/my_py_pkg/share/ament_index/resource_index/packages
[1.638s] copying resource/my_py_pkg -> /home/hoang/ros2_ws/src/install/my_py_pkg/share/ament_index/resource_index/packages
[1.638s] copying package.xml -> /home/hoang/ros2_ws/src/install/my_py_pkg/share/my_py_pkg
[1.638s] running install_egg_info
[1.640s] Copying ../build/my_py_pkg/my_py_pkg.egg-info to /home/hoang/ros2_ws/src/install/my_py_pkg/lib/python3.10/site-packages/my_py_pkg-0.0.0-py3.10.egg-info
[1.641s] running install_scripts
[1.675s] writing list of installed files to '/home/hoang/ros2_ws/src/build/my_py_pkg/install.log'
[1.718s] Invoked command in '/home/hoang/ros2_ws/src/my_py_pkg' returned '0': PYTHONPATH=/home/hoang/ros2_ws/src/build/my_py_pkg/prefix_override:/home/hoang/ros2_ws/src/install/my_py_pkg/lib/python3.10/site-packages:${PYTHONPATH} /usr/bin/python3 setup.py egg_info --egg-base ../build/my_py_pkg build --build-base /home/hoang/ros2_ws/src/build/my_py_pkg/build install --record /home/hoang/ros2_ws/src/build/my_py_pkg/install.log --single-version-externally-managed
