[0.965s] Invoking command in '/home/hoang/ros2_ws/src/my_py_pkg': PYTHONPATH=/home/hoang/ros2_ws/build/my_py_pkg/prefix_override:/home/hoang/ros2_ws/install/my_py_pkg/lib/python3.10/site-packages:${PYTHONPATH} /usr/bin/python3 setup.py egg_info --egg-base ../../build/my_py_pkg build --build-base /home/hoang/ros2_ws/build/my_py_pkg/build install --record /home/hoang/ros2_ws/build/my_py_pkg/install.log --single-version-externally-managed
[1.345s] running egg_info
[1.348s] writing ../../build/my_py_pkg/my_py_pkg.egg-info/PKG-INFO
[1.350s] writing dependency_links to ../../build/my_py_pkg/my_py_pkg.egg-info/dependency_links.txt
[1.351s] writing entry points to ../../build/my_py_pkg/my_py_pkg.egg-info/entry_points.txt
[1.352s] writing requirements to ../../build/my_py_pkg/my_py_pkg.egg-info/requires.txt
[1.353s] writing top-level names to ../../build/my_py_pkg/my_py_pkg.egg-info/top_level.txt
[1.357s] reading manifest file '../../build/my_py_pkg/my_py_pkg.egg-info/SOURCES.txt'
[1.359s] writing manifest file '../../build/my_py_pkg/my_py_pkg.egg-info/SOURCES.txt'
[1.360s] running build
[1.360s] running build_py
[1.362s] running install
[1.363s] running install_lib
[1.366s] running install_data
[1.367s] running install_egg_info
[1.370s] removing '/home/hoang/ros2_ws/install/my_py_pkg/lib/python3.10/site-packages/my_py_pkg-0.0.0-py3.10.egg-info' (and everything under it)
[1.374s] Copying ../../build/my_py_pkg/my_py_pkg.egg-info to /home/hoang/ros2_ws/install/my_py_pkg/lib/python3.10/site-packages/my_py_pkg-0.0.0-py3.10.egg-info
[1.376s] running install_scripts
[1.403s] Installing py_node script to /home/hoang/ros2_ws/install/my_py_pkg/lib/my_py_pkg
[1.404s] writing list of installed files to '/home/hoang/ros2_ws/build/my_py_pkg/install.log'
[1.440s] Invoked command in '/home/hoang/ros2_ws/src/my_py_pkg' returned '0': PYTHONPATH=/home/hoang/ros2_ws/build/my_py_pkg/prefix_override:/home/hoang/ros2_ws/install/my_py_pkg/lib/python3.10/site-packages:${PYTHONPATH} /usr/bin/python3 setup.py egg_info --egg-base ../../build/my_py_pkg build --build-base /home/hoang/ros2_ws/build/my_py_pkg/build install --record /home/hoang/ros2_ws/build/my_py_pkg/install.log --single-version-externally-managed
