[1.000s] Invoking command in '/home/hoang/ros2_ws/src/my_py_pkg': PYTHONPATH=/home/hoang/ros2_ws/build/my_py_pkg/prefix_override:/home/hoang/ros2_ws/install/my_py_pkg/lib/python3.10/site-packages:${PYTHONPATH} /usr/bin/python3 setup.py egg_info --egg-base ../../build/my_py_pkg build --build-base /home/hoang/ros2_ws/build/my_py_pkg/build install --record /home/hoang/ros2_ws/build/my_py_pkg/install.log --single-version-externally-managed
[1.393s] running egg_info
[1.393s] writing ../../build/my_py_pkg/my_py_pkg.egg-info/PKG-INFO
[1.394s] writing dependency_links to ../../build/my_py_pkg/my_py_pkg.egg-info/dependency_links.txt
[1.394s] writing entry points to ../../build/my_py_pkg/my_py_pkg.egg-info/entry_points.txt
[1.395s] writing requirements to ../../build/my_py_pkg/my_py_pkg.egg-info/requires.txt
[1.395s] writing top-level names to ../../build/my_py_pkg/my_py_pkg.egg-info/top_level.txt
[1.398s] reading manifest file '../../build/my_py_pkg/my_py_pkg.egg-info/SOURCES.txt'
[1.399s] writing manifest file '../../build/my_py_pkg/my_py_pkg.egg-info/SOURCES.txt'
[1.399s] running build
[1.399s] running build_py
[1.400s] running install
[1.401s] running install_lib
[1.403s] running install_data
[1.404s] running install_egg_info
[1.406s] removing '/home/hoang/ros2_ws/install/my_py_pkg/lib/python3.10/site-packages/my_py_pkg-0.0.0-py3.10.egg-info' (and everything under it)
[1.406s] Copying ../../build/my_py_pkg/my_py_pkg.egg-info to /home/hoang/ros2_ws/install/my_py_pkg/lib/python3.10/site-packages/my_py_pkg-0.0.0-py3.10.egg-info
[1.407s] running install_scripts
[1.439s] writing list of installed files to '/home/hoang/ros2_ws/build/my_py_pkg/install.log'
[1.474s] Invoked command in '/home/hoang/ros2_ws/src/my_py_pkg' returned '0': PYTHONPATH=/home/hoang/ros2_ws/build/my_py_pkg/prefix_override:/home/hoang/ros2_ws/install/my_py_pkg/lib/python3.10/site-packages:${PYTHONPATH} /usr/bin/python3 setup.py egg_info --egg-base ../../build/my_py_pkg build --build-base /home/hoang/ros2_ws/build/my_py_pkg/build install --record /home/hoang/ros2_ws/build/my_py_pkg/install.log --single-version-externally-managed
