[0.936s] Invoking command in '/home/hoang/ros2_ws/src/my_py_pkg': PYTHONPATH=/home/hoang/ros2_ws/build/my_py_pkg/prefix_override:/home/hoang/ros2_ws/install/my_py_pkg/lib/python3.10/site-packages:${PYTHONPATH} /usr/bin/python3 setup.py egg_info --egg-base ../../build/my_py_pkg build --build-base /home/hoang/ros2_ws/build/my_py_pkg/build install --record /home/hoang/ros2_ws/build/my_py_pkg/install.log --single-version-externally-managed
[1.310s] running egg_info
[1.311s] writing ../../build/my_py_pkg/my_py_pkg.egg-info/PKG-INFO
[1.313s] writing dependency_links to ../../build/my_py_pkg/my_py_pkg.egg-info/dependency_links.txt
[1.314s] writing entry points to ../../build/my_py_pkg/my_py_pkg.egg-info/entry_points.txt
[1.315s] writing requirements to ../../build/my_py_pkg/my_py_pkg.egg-info/requires.txt
[1.316s] writing top-level names to ../../build/my_py_pkg/my_py_pkg.egg-info/top_level.txt
[1.319s] reading manifest file '../../build/my_py_pkg/my_py_pkg.egg-info/SOURCES.txt'
[1.320s] writing manifest file '../../build/my_py_pkg/my_py_pkg.egg-info/SOURCES.txt'
[1.321s] running build
[1.321s] running build_py
[1.322s] copying my_py_pkg/my_first_node.py -> /home/hoang/ros2_ws/build/my_py_pkg/build/lib/my_py_pkg
[1.322s] running install
[1.323s] running install_lib
[1.324s] copying /home/hoang/ros2_ws/build/my_py_pkg/build/lib/my_py_pkg/my_first_node.py -> /home/hoang/ros2_ws/install/my_py_pkg/lib/python3.10/site-packages/my_py_pkg
[1.325s] byte-compiling /home/hoang/ros2_ws/install/my_py_pkg/lib/python3.10/site-packages/my_py_pkg/my_first_node.py to my_first_node.cpython-310.pyc
[1.326s] running install_data
[1.326s] running install_egg_info
[1.330s] removing '/home/hoang/ros2_ws/install/my_py_pkg/lib/python3.10/site-packages/my_py_pkg-0.0.0-py3.10.egg-info' (and everything under it)
[1.338s] Copying ../../build/my_py_pkg/my_py_pkg.egg-info to /home/hoang/ros2_ws/install/my_py_pkg/lib/python3.10/site-packages/my_py_pkg-0.0.0-py3.10.egg-info
[1.340s] running install_scripts
[1.367s] Installing py_node script to /home/hoang/ros2_ws/install/my_py_pkg/lib/my_py_pkg
[1.368s] writing list of installed files to '/home/hoang/ros2_ws/build/my_py_pkg/install.log'
[1.396s] Invoked command in '/home/hoang/ros2_ws/src/my_py_pkg' returned '0': PYTHONPATH=/home/hoang/ros2_ws/build/my_py_pkg/prefix_override:/home/hoang/ros2_ws/install/my_py_pkg/lib/python3.10/site-packages:${PYTHONPATH} /usr/bin/python3 setup.py egg_info --egg-base ../../build/my_py_pkg build --build-base /home/hoang/ros2_ws/build/my_py_pkg/build install --record /home/hoang/ros2_ws/build/my_py_pkg/install.log --single-version-externally-managed
