[0.939s] Invoking command in '/home/hoang/ros2_ws/src/my_py_pkg': PYTHONPATH=/home/hoang/ros2_ws/build/my_py_pkg/prefix_override:/home/hoang/ros2_ws/install/my_py_pkg/lib/python3.10/site-packages:${PYTHONPATH} /usr/bin/python3 setup.py egg_info --egg-base ../../build/my_py_pkg build --build-base /home/hoang/ros2_ws/build/my_py_pkg/build install --record /home/hoang/ros2_ws/build/my_py_pkg/install.log --single-version-externally-managed
[1.304s] running egg_info
[1.306s] writing ../../build/my_py_pkg/my_py_pkg.egg-info/PKG-INFO
[1.306s] writing dependency_links to ../../build/my_py_pkg/my_py_pkg.egg-info/dependency_links.txt
[1.306s] writing entry points to ../../build/my_py_pkg/my_py_pkg.egg-info/entry_points.txt
[1.307s] writing requirements to ../../build/my_py_pkg/my_py_pkg.egg-info/requires.txt
[1.307s] writing top-level names to ../../build/my_py_pkg/my_py_pkg.egg-info/top_level.txt
[1.308s] reading manifest file '../../build/my_py_pkg/my_py_pkg.egg-info/SOURCES.txt'
[1.314s] writing manifest file '../../build/my_py_pkg/my_py_pkg.egg-info/SOURCES.txt'
[1.314s] running build
[1.315s] running build_py
[1.315s] copying my_py_pkg/my_first_node.py -> /home/hoang/ros2_ws/build/my_py_pkg/build/lib/my_py_pkg
[1.315s] running install
[1.315s] running install_lib
[1.315s] copying /home/hoang/ros2_ws/build/my_py_pkg/build/lib/my_py_pkg/my_first_node.py -> /home/hoang/ros2_ws/install/my_py_pkg/lib/python3.10/site-packages/my_py_pkg
[1.315s] byte-compiling /home/hoang/ros2_ws/install/my_py_pkg/lib/python3.10/site-packages/my_py_pkg/my_first_node.py to my_first_node.cpython-310.pyc
[1.316s] running install_data
[1.316s] running install_egg_info
[1.316s] removing '/home/hoang/ros2_ws/install/my_py_pkg/lib/python3.10/site-packages/my_py_pkg-0.0.0-py3.10.egg-info' (and everything under it)
[1.324s] Copying ../../build/my_py_pkg/my_py_pkg.egg-info to /home/hoang/ros2_ws/install/my_py_pkg/lib/python3.10/site-packages/my_py_pkg-0.0.0-py3.10.egg-info
[1.324s] running install_scripts
[1.349s] Installing py_node script to /home/hoang/ros2_ws/install/my_py_pkg/lib/my_py_pkg
[1.350s] writing list of installed files to '/home/hoang/ros2_ws/build/my_py_pkg/install.log'
[1.380s] Invoked command in '/home/hoang/ros2_ws/src/my_py_pkg' returned '0': PYTHONPATH=/home/hoang/ros2_ws/build/my_py_pkg/prefix_override:/home/hoang/ros2_ws/install/my_py_pkg/lib/python3.10/site-packages:${PYTHONPATH} /usr/bin/python3 setup.py egg_info --egg-base ../../build/my_py_pkg build --build-base /home/hoang/ros2_ws/build/my_py_pkg/build install --record /home/hoang/ros2_ws/build/my_py_pkg/install.log --single-version-externally-managed
