[0.911s] Invoking command in '/home/hoang/ros2_ws/src/my_py_pkg': PYTHONPATH=/home/hoang/ros2_ws/build/my_py_pkg/prefix_override:/home/hoang/ros2_ws/install/my_py_pkg/lib/python3.10/site-packages:${PYTHONPATH} /usr/bin/python3 setup.py egg_info --egg-base ../../build/my_py_pkg build --build-base /home/hoang/ros2_ws/build/my_py_pkg/build install --record /home/hoang/ros2_ws/build/my_py_pkg/install.log --single-version-externally-managed
[1.254s] running egg_info
[1.255s] creating ../../build/my_py_pkg/my_py_pkg.egg-info
[1.255s] writing ../../build/my_py_pkg/my_py_pkg.egg-info/PKG-INFO
[1.256s] writing dependency_links to ../../build/my_py_pkg/my_py_pkg.egg-info/dependency_links.txt
[1.256s] writing entry points to ../../build/my_py_pkg/my_py_pkg.egg-info/entry_points.txt
[1.256s] writing requirements to ../../build/my_py_pkg/my_py_pkg.egg-info/requires.txt
[1.256s] writing top-level names to ../../build/my_py_pkg/my_py_pkg.egg-info/top_level.txt
[1.257s] writing manifest file '../../build/my_py_pkg/my_py_pkg.egg-info/SOURCES.txt'
[1.259s] reading manifest file '../../build/my_py_pkg/my_py_pkg.egg-info/SOURCES.txt'
[1.260s] writing manifest file '../../build/my_py_pkg/my_py_pkg.egg-info/SOURCES.txt'
[1.261s] running build
[1.261s] running build_py
[1.261s] creating /home/hoang/ros2_ws/build/my_py_pkg/build
[1.261s] creating /home/hoang/ros2_ws/build/my_py_pkg/build/lib
[1.261s] creating /home/hoang/ros2_ws/build/my_py_pkg/build/lib/my_py_pkg
[1.262s] copying my_py_pkg/__init__.py -> /home/hoang/ros2_ws/build/my_py_pkg/build/lib/my_py_pkg
[1.262s] running install
[1.264s] /usr/lib/python3/dist-packages/setuptools/command/install.py:34: SetuptoolsDeprecationWarning: setup.py install is deprecated. Use build and pip and other standards-based tools.
[1.264s]   warnings.warn(
[1.265s] running install_lib
[1.266s] creating /home/hoang/ros2_ws/install/my_py_pkg/lib/python3.10/site-packages/my_py_pkg
[1.267s] copying /home/hoang/ros2_ws/build/my_py_pkg/build/lib/my_py_pkg/__init__.py -> /home/hoang/ros2_ws/install/my_py_pkg/lib/python3.10/site-packages/my_py_pkg
[1.267s] byte-compiling /home/hoang/ros2_ws/install/my_py_pkg/lib/python3.10/site-packages/my_py_pkg/__init__.py to __init__.cpython-310.pyc
[1.268s] running install_data
[1.269s] creating /home/hoang/ros2_ws/install/my_py_pkg/share/ament_index
[1.269s] creating /home/hoang/ros2_ws/install/my_py_pkg/share/ament_index/resource_index
[1.269s] creating /home/hoang/ros2_ws/install/my_py_pkg/share/ament_index/resource_index/packages
[1.269s] copying resource/my_py_pkg -> /home/hoang/ros2_ws/install/my_py_pkg/share/ament_index/resource_index/packages
[1.270s] copying package.xml -> /home/hoang/ros2_ws/install/my_py_pkg/share/my_py_pkg
[1.270s] running install_egg_info
[1.272s] Copying ../../build/my_py_pkg/my_py_pkg.egg-info to /home/hoang/ros2_ws/install/my_py_pkg/lib/python3.10/site-packages/my_py_pkg-0.0.0-py3.10.egg-info
[1.273s] running install_scripts
[1.306s] writing list of installed files to '/home/hoang/ros2_ws/build/my_py_pkg/install.log'
[1.334s] Invoked command in '/home/hoang/ros2_ws/src/my_py_pkg' returned '0': PYTHONPATH=/home/hoang/ros2_ws/build/my_py_pkg/prefix_override:/home/hoang/ros2_ws/install/my_py_pkg/lib/python3.10/site-packages:${PYTHONPATH} /usr/bin/python3 setup.py egg_info --egg-base ../../build/my_py_pkg build --build-base /home/hoang/ros2_ws/build/my_py_pkg/build install --record /home/hoang/ros2_ws/build/my_py_pkg/install.log --single-version-externally-managed
