[0.901s] Invoking command in '/home/hoang/ros2_ws/src/my_py_pkg': PYTHONPATH=/home/hoang/ros2_ws/build/my_py_pkg/prefix_override:/home/hoang/ros2_ws/install/my_py_pkg/lib/python3.10/site-packages:${PYTHONPATH} /usr/bin/python3 setup.py egg_info --egg-base ../../build/my_py_pkg build --build-base /home/hoang/ros2_ws/build/my_py_pkg/build install --record /home/hoang/ros2_ws/build/my_py_pkg/install.log --single-version-externally-managed
[1.273s] running egg_info
[1.275s] writing ../../build/my_py_pkg/my_py_pkg.egg-info/PKG-INFO
[1.275s] writing dependency_links to ../../build/my_py_pkg/my_py_pkg.egg-info/dependency_links.txt
[1.275s] writing entry points to ../../build/my_py_pkg/my_py_pkg.egg-info/entry_points.txt
[1.276s] writing requirements to ../../build/my_py_pkg/my_py_pkg.egg-info/requires.txt
[1.276s] writing top-level names to ../../build/my_py_pkg/my_py_pkg.egg-info/top_level.txt
[1.278s] reading manifest file '../../build/my_py_pkg/my_py_pkg.egg-info/SOURCES.txt'
[1.281s] writing manifest file '../../build/my_py_pkg/my_py_pkg.egg-info/SOURCES.txt'
[1.281s] running build
[1.282s] running build_py
[1.282s] copying my_py_pkg/my_first_node.py -> /home/hoang/ros2_ws/build/my_py_pkg/build/lib/my_py_pkg
[1.282s] running install
[1.283s] running install_lib
[1.284s] copying /home/hoang/ros2_ws/build/my_py_pkg/build/lib/my_py_pkg/my_first_node.py -> /home/hoang/ros2_ws/install/my_py_pkg/lib/python3.10/site-packages/my_py_pkg
[1.284s] byte-compiling /home/hoang/ros2_ws/install/my_py_pkg/lib/python3.10/site-packages/my_py_pkg/my_first_node.py to my_first_node.cpython-310.pyc
[1.284s] running install_data
[1.285s] running install_egg_info
[1.287s] removing '/home/hoang/ros2_ws/install/my_py_pkg/lib/python3.10/site-packages/my_py_pkg-0.0.0-py3.10.egg-info' (and everything under it)
[1.287s] Copying ../../build/my_py_pkg/my_py_pkg.egg-info to /home/hoang/ros2_ws/install/my_py_pkg/lib/python3.10/site-packages/my_py_pkg-0.0.0-py3.10.egg-info
[1.288s] running install_scripts
[1.314s] writing list of installed files to '/home/hoang/ros2_ws/build/my_py_pkg/install.log'
[1.343s] Invoked command in '/home/hoang/ros2_ws/src/my_py_pkg' returned '0': PYTHONPATH=/home/hoang/ros2_ws/build/my_py_pkg/prefix_override:/home/hoang/ros2_ws/install/my_py_pkg/lib/python3.10/site-packages:${PYTHONPATH} /usr/bin/python3 setup.py egg_info --egg-base ../../build/my_py_pkg build --build-base /home/hoang/ros2_ws/build/my_py_pkg/build install --record /home/hoang/ros2_ws/build/my_py_pkg/install.log --single-version-externally-managed
